{
  "stats": {
    "suites": 4,
    "tests": 6,
    "passes": 6,
    "pending": 0,
    "failures": 0,
    "start": "2020-11-01T13:39:14.305Z",
    "end": "2020-11-01T13:40:08.620Z",
    "duration": 8523,
    "testsRegistered": 6,
    "passPercent": 100,
    "pendingPercent": 0,
    "other": 0,
    "hasOther": false,
    "skipped": 0,
    "hasSkipped": false
  },
  "results": [
    {
      "uuid": "cd91524e-e46c-47a7-a65e-2795be7e4468",
      "title": "",
      "fullFile": "cypress/integration/clients/create-client-spec.js",
      "file": "cypress/integration/clients/create-client-spec.js",
      "beforeHooks": [],
      "afterHooks": [],
      "tests": [],
      "suites": [
        {
          "uuid": "4de91540-9337-4248-b455-03b58798e05a",
          "title": "Create a client",
          "fullFile": "",
          "file": "",
          "beforeHooks": [],
          "afterHooks": [],
          "tests": [
            {
              "title": "Creates client",
              "fullTitle": "Create a client Creates client",
              "timedOut": null,
              "duration": 2081,
              "state": "passed",
              "speed": "slow",
              "pass": true,
              "fail": false,
              "pending": false,
              "context": null,
              "code": "cc.create();",
              "err": {},
              "uuid": "4c5293ee-ef5c-49f9-b24c-fb6be88f91be",
              "parentUUID": "4de91540-9337-4248-b455-03b58798e05a",
              "isHook": false,
              "skipped": false
            }
          ],
          "suites": [],
          "passes": [
            "4c5293ee-ef5c-49f9-b24c-fb6be88f91be"
          ],
          "failures": [],
          "pending": [],
          "skipped": [],
          "duration": 2081,
          "root": false,
          "rootEmpty": false,
          "_timeout": 2000
        }
      ],
      "passes": [],
      "failures": [],
      "pending": [],
      "skipped": [],
      "duration": 0,
      "root": true,
      "rootEmpty": true,
      "_timeout": 2000
    },
    {
      "uuid": "2d16a087-f950-49a5-b4b7-dbf52d151749",
      "title": "",
      "fullFile": "cypress/integration/rooms/create-room-spec.js",
      "file": "cypress/integration/rooms/create-room-spec.js",
      "beforeHooks": [],
      "afterHooks": [],
      "tests": [],
      "suites": [
        {
          "uuid": "6a171a3c-2068-4e52-9197-50ca9c8dc1a5",
          "title": "Create a room",
          "fullFile": "",
          "file": "",
          "beforeHooks": [],
          "afterHooks": [],
          "tests": [
            {
              "title": "Create a new room",
              "fullTitle": "Create a room Create a new room",
              "timedOut": null,
              "duration": 1878,
              "state": "passed",
              "speed": "slow",
              "pass": true,
              "fail": false,
              "pending": false,
              "context": null,
              "code": "CR.create();",
              "err": {},
              "uuid": "c168c955-e1de-4122-9dde-6976e13d7a5d",
              "parentUUID": "6a171a3c-2068-4e52-9197-50ca9c8dc1a5",
              "isHook": false,
              "skipped": false
            },
            {
              "title": "Checks if room was created correctly",
              "fullTitle": "Create a room Checks if room was created correctly",
              "timedOut": null,
              "duration": 662,
              "state": "passed",
              "speed": "slow",
              "pass": true,
              "fail": false,
              "pending": false,
              "context": null,
              "code": "CR.roomIsCreated();",
              "err": {},
              "uuid": "4d71c35c-d335-4e63-ad77-aa316b00d06d",
              "parentUUID": "6a171a3c-2068-4e52-9197-50ca9c8dc1a5",
              "isHook": false,
              "skipped": false
            }
          ],
          "suites": [],
          "passes": [
            "c168c955-e1de-4122-9dde-6976e13d7a5d",
            "4d71c35c-d335-4e63-ad77-aa316b00d06d"
          ],
          "failures": [],
          "pending": [],
          "skipped": [],
          "duration": 2540,
          "root": false,
          "rootEmpty": false,
          "_timeout": 2000
        }
      ],
      "passes": [],
      "failures": [],
      "pending": [],
      "skipped": [],
      "duration": 0,
      "root": true,
      "rootEmpty": true,
      "_timeout": 2000
    },
    {
      "uuid": "bfb7743e-ccdd-4ab9-9483-8b2ad5cd863c",
      "title": "",
      "fullFile": "cypress/integration/rooms/delete-room-spec.js",
      "file": "cypress/integration/rooms/delete-room-spec.js",
      "beforeHooks": [],
      "afterHooks": [],
      "tests": [],
      "suites": [
        {
          "uuid": "e4cd0f16-5e2e-4e3a-a2db-aa8eef7c876e",
          "title": "Delete a room",
          "fullFile": "",
          "file": "",
          "beforeHooks": [],
          "afterHooks": [],
          "tests": [
            {
              "title": "Creates room with api request and then e2e deleting that room",
              "fullTitle": "Delete a room Creates room with api request and then e2e deleting that room",
              "timedOut": null,
              "duration": 960,
              "state": "passed",
              "speed": "slow",
              "pass": true,
              "fail": false,
              "pending": false,
              "context": null,
              "code": "cy.createRoomApi(\"twin\", 1337, 1337, 1337, [\"penthouse\"], true);\ndr.delete();",
              "err": {},
              "uuid": "a462b88b-c8e1-4829-a0d6-b329f9d69708",
              "parentUUID": "e4cd0f16-5e2e-4e3a-a2db-aa8eef7c876e",
              "isHook": false,
              "skipped": false
            }
          ],
          "suites": [],
          "passes": [
            "a462b88b-c8e1-4829-a0d6-b329f9d69708"
          ],
          "failures": [],
          "pending": [],
          "skipped": [],
          "duration": 960,
          "root": false,
          "rootEmpty": false,
          "_timeout": 2000
        }
      ],
      "passes": [],
      "failures": [],
      "pending": [],
      "skipped": [],
      "duration": 0,
      "root": true,
      "rootEmpty": true,
      "_timeout": 2000
    },
    {
      "uuid": "479b388c-74ca-4c47-aa61-19e02148b64a",
      "title": "",
      "fullFile": "cypress/integration/rooms/edit-room-spec.js",
      "file": "cypress/integration/rooms/edit-room-spec.js",
      "beforeHooks": [],
      "afterHooks": [],
      "tests": [],
      "suites": [
        {
          "uuid": "acb91ec9-8004-4309-aa1c-fe1ddb3ea1d2",
          "title": "Edit room",
          "fullFile": "",
          "file": "",
          "beforeHooks": [],
          "afterHooks": [],
          "tests": [
            {
              "title": "Edits room",
              "fullTitle": "Edit room Edits room",
              "timedOut": null,
              "duration": 2282,
              "state": "passed",
              "speed": "slow",
              "pass": true,
              "fail": false,
              "pending": false,
              "context": null,
              "code": "cy.createRoomApi(\"twin\", 1337, 1337, 1337, [\"penthouse\"], true); // creates a room with help from the api\ner.edit();",
              "err": {},
              "uuid": "6a4e5fea-537d-489c-b918-2162bd7c99b6",
              "parentUUID": "acb91ec9-8004-4309-aa1c-fe1ddb3ea1d2",
              "isHook": false,
              "skipped": false
            },
            {
              "title": "Checks if edit was succesfull",
              "fullTitle": "Edit room Checks if edit was succesfull",
              "timedOut": null,
              "duration": 660,
              "state": "passed",
              "speed": "slow",
              "pass": true,
              "fail": false,
              "pending": false,
              "context": null,
              "code": "cr.roomIsCreated(); // Reusing method from CreateRoom class to check if room was edited correctly",
              "err": {},
              "uuid": "a72f9008-88bc-4401-8a35-052d39e1d543",
              "parentUUID": "acb91ec9-8004-4309-aa1c-fe1ddb3ea1d2",
              "isHook": false,
              "skipped": false
            }
          ],
          "suites": [],
          "passes": [
            "6a4e5fea-537d-489c-b918-2162bd7c99b6",
            "a72f9008-88bc-4401-8a35-052d39e1d543"
          ],
          "failures": [],
          "pending": [],
          "skipped": [],
          "duration": 2942,
          "root": false,
          "rootEmpty": false,
          "_timeout": 2000
        }
      ],
      "passes": [],
      "failures": [],
      "pending": [],
      "skipped": [],
      "duration": 0,
      "root": true,
      "rootEmpty": true,
      "_timeout": 2000
    }
  ],
  "meta": {
    "mocha": {
      "version": "7.0.1"
    },
    "mochawesome": {
      "options": {
        "quiet": false,
        "reportFilename": "mochawesome",
        "saveHtml": true,
        "saveJson": true,
        "consoleReporter": "spec",
        "useInlineDiffs": false,
        "code": true
      },
      "version": "6.1.1"
    },
    "marge": {
      "options": {
        "reportDir": "./cypress/report/awesome-reports",
        "overwrite": true,
        "html": true,
        "json": true,
        "timestamp": "mmddyyyy_HHMMss"
      },
      "version": "5.1.0"
    }
  }
}