{
  "stats": {
    "suites": 1,
    "tests": 2,
    "passes": 2,
    "pending": 0,
    "failures": 0,
    "start": "2020-11-01T10:22:17.005Z",
    "end": "2020-11-01T10:22:20.021Z",
    "duration": 3016,
    "testsRegistered": 2,
    "passPercent": 100,
    "pendingPercent": 0,
    "other": 0,
    "hasOther": false,
    "skipped": 0,
    "hasSkipped": false
  },
  "results": [
    {
      "uuid": "125d1ae4-17ff-44b6-8672-cdd16e549f9a",
      "title": "",
      "fullFile": "cypress/integration/rooms/edit-room-spec.js",
      "file": "cypress/integration/rooms/edit-room-spec.js",
      "beforeHooks": [],
      "afterHooks": [],
      "tests": [],
      "suites": [
        {
          "uuid": "89d9c2db-3e2f-4f19-97d4-dd72e128eaf3",
          "title": "Edit room",
          "fullFile": "",
          "file": "",
          "beforeHooks": [],
          "afterHooks": [],
          "tests": [
            {
              "title": "Edits room",
              "fullTitle": "Edit room Edits room",
              "timedOut": null,
              "duration": 2329,
              "state": "passed",
              "speed": "slow",
              "pass": true,
              "fail": false,
              "pending": false,
              "context": null,
              "code": "cy.createRoomApi(\"twin\", 1337, 1337, 1337, [\"penthouse\"], true); // creates a room with help from the api\ner.edit();",
              "err": {},
              "uuid": "9f1e059a-fb9d-4d9c-b7a5-cac697b0062f",
              "parentUUID": "89d9c2db-3e2f-4f19-97d4-dd72e128eaf3",
              "isHook": false,
              "skipped": false
            },
            {
              "title": "Checks if edit was succesfull",
              "fullTitle": "Edit room Checks if edit was succesfull",
              "timedOut": null,
              "duration": 661,
              "state": "passed",
              "speed": "slow",
              "pass": true,
              "fail": false,
              "pending": false,
              "context": null,
              "code": "cr.roomIsCreated(); // Reusing method from CreateRoom class to check if room was edited correctly",
              "err": {},
              "uuid": "52284d5e-991f-4fcb-bfea-264e5d826d03",
              "parentUUID": "89d9c2db-3e2f-4f19-97d4-dd72e128eaf3",
              "isHook": false,
              "skipped": false
            }
          ],
          "suites": [],
          "passes": [
            "9f1e059a-fb9d-4d9c-b7a5-cac697b0062f",
            "52284d5e-991f-4fcb-bfea-264e5d826d03"
          ],
          "failures": [],
          "pending": [],
          "skipped": [],
          "duration": 2990,
          "root": false,
          "rootEmpty": false,
          "_timeout": 2000
        }
      ],
      "passes": [],
      "failures": [],
      "pending": [],
      "skipped": [],
      "duration": 0,
      "root": true,
      "rootEmpty": true,
      "_timeout": 2000
    }
  ],
  "meta": {
    "mocha": {
      "version": "7.0.1"
    },
    "mochawesome": {
      "options": {
        "quiet": false,
        "reportFilename": "mochawesome",
        "saveHtml": true,
        "saveJson": true,
        "consoleReporter": "spec",
        "useInlineDiffs": false,
        "code": true
      },
      "version": "6.1.1"
    },
    "marge": {
      "options": {
        "reportDir": "./cypress/report/awesome-reports",
        "overwrite": true,
        "html": true,
        "json": true,
        "timestamp": "mmddyyyy_HHMMss"
      },
      "version": "5.1.0"
    }
  }
}