{
  "stats": {
    "suites": 1,
    "tests": 2,
    "passes": 2,
    "pending": 0,
    "failures": 0,
    "start": "2020-11-01T10:21:54.188Z",
    "end": "2020-11-01T10:21:56.814Z",
    "duration": 2626,
    "testsRegistered": 2,
    "passPercent": 100,
    "pendingPercent": 0,
    "other": 0,
    "hasOther": false,
    "skipped": 0,
    "hasSkipped": false
  },
  "results": [
    {
      "uuid": "b8b05c3f-d032-433b-9881-29351b94d120",
      "title": "",
      "fullFile": "cypress/integration/rooms/create-room-spec.js",
      "file": "cypress/integration/rooms/create-room-spec.js",
      "beforeHooks": [],
      "afterHooks": [],
      "tests": [],
      "suites": [
        {
          "uuid": "a7c20e28-6cf3-4ffc-9068-08450c2cd869",
          "title": "Room",
          "fullFile": "",
          "file": "",
          "beforeHooks": [],
          "afterHooks": [],
          "tests": [
            {
              "title": "Create a new room",
              "fullTitle": "Room Create a new room",
              "timedOut": null,
              "duration": 1905,
              "state": "passed",
              "speed": "slow",
              "pass": true,
              "fail": false,
              "pending": false,
              "context": null,
              "code": "CR.create();",
              "err": {},
              "uuid": "6efca6ea-a353-49f2-a86f-8776f4cc9a33",
              "parentUUID": "a7c20e28-6cf3-4ffc-9068-08450c2cd869",
              "isHook": false,
              "skipped": false
            },
            {
              "title": "Checks if room was created correctly",
              "fullTitle": "Room Checks if room was created correctly",
              "timedOut": null,
              "duration": 686,
              "state": "passed",
              "speed": "slow",
              "pass": true,
              "fail": false,
              "pending": false,
              "context": null,
              "code": "CR.roomIsCreated();",
              "err": {},
              "uuid": "a5ec10fc-7b78-4b2e-9545-7bc2e1e2406e",
              "parentUUID": "a7c20e28-6cf3-4ffc-9068-08450c2cd869",
              "isHook": false,
              "skipped": false
            }
          ],
          "suites": [],
          "passes": [
            "6efca6ea-a353-49f2-a86f-8776f4cc9a33",
            "a5ec10fc-7b78-4b2e-9545-7bc2e1e2406e"
          ],
          "failures": [],
          "pending": [],
          "skipped": [],
          "duration": 2591,
          "root": false,
          "rootEmpty": false,
          "_timeout": 2000
        }
      ],
      "passes": [],
      "failures": [],
      "pending": [],
      "skipped": [],
      "duration": 0,
      "root": true,
      "rootEmpty": true,
      "_timeout": 2000
    }
  ],
  "meta": {
    "mocha": {
      "version": "7.0.1"
    },
    "mochawesome": {
      "options": {
        "quiet": false,
        "reportFilename": "mochawesome",
        "saveHtml": true,
        "saveJson": true,
        "consoleReporter": "spec",
        "useInlineDiffs": false,
        "code": true
      },
      "version": "6.1.1"
    },
    "marge": {
      "options": {
        "reportDir": "./cypress/report/awesome-reports",
        "overwrite": true,
        "html": true,
        "json": true,
        "timestamp": "mmddyyyy_HHMMss"
      },
      "version": "5.1.0"
    }
  }
}