{
  "stats": {
    "suites": 1,
    "tests": 1,
    "passes": 1,
    "pending": 0,
    "failures": 0,
    "start": "2020-11-01T10:22:04.105Z",
    "end": "2020-11-01T10:22:05.084Z",
    "duration": 979,
    "testsRegistered": 1,
    "passPercent": 100,
    "pendingPercent": 0,
    "other": 0,
    "hasOther": false,
    "skipped": 0,
    "hasSkipped": false
  },
  "results": [
    {
      "uuid": "6c1e5779-1ffc-447f-bbb8-cb0db25aad6d",
      "title": "",
      "fullFile": "cypress/integration/rooms/delete-room-spec.js",
      "file": "cypress/integration/rooms/delete-room-spec.js",
      "beforeHooks": [],
      "afterHooks": [],
      "tests": [],
      "suites": [
        {
          "uuid": "d0a7b28b-1be7-432c-99eb-8fadbbbc241c",
          "title": "Delete a room",
          "fullFile": "",
          "file": "",
          "beforeHooks": [],
          "afterHooks": [],
          "tests": [
            {
              "title": "Does",
              "fullTitle": "Delete a room Does",
              "timedOut": null,
              "duration": 947,
              "state": "passed",
              "speed": "slow",
              "pass": true,
              "fail": false,
              "pending": false,
              "context": null,
              "code": "cy.createRoomApi(\"twin\", 1337, 1337, 1337, [\"penthouse\"], true);\ndr.delete();",
              "err": {},
              "uuid": "17fa28cb-e24c-4e32-93ac-0513c06f22ee",
              "parentUUID": "d0a7b28b-1be7-432c-99eb-8fadbbbc241c",
              "isHook": false,
              "skipped": false
            }
          ],
          "suites": [],
          "passes": [
            "17fa28cb-e24c-4e32-93ac-0513c06f22ee"
          ],
          "failures": [],
          "pending": [],
          "skipped": [],
          "duration": 947,
          "root": false,
          "rootEmpty": false,
          "_timeout": 2000
        }
      ],
      "passes": [],
      "failures": [],
      "pending": [],
      "skipped": [],
      "duration": 0,
      "root": true,
      "rootEmpty": true,
      "_timeout": 2000
    }
  ],
  "meta": {
    "mocha": {
      "version": "7.0.1"
    },
    "mochawesome": {
      "options": {
        "quiet": false,
        "reportFilename": "mochawesome",
        "saveHtml": true,
        "saveJson": true,
        "consoleReporter": "spec",
        "useInlineDiffs": false,
        "code": true
      },
      "version": "6.1.1"
    },
    "marge": {
      "options": {
        "reportDir": "./cypress/report/awesome-reports",
        "overwrite": true,
        "html": true,
        "json": true,
        "timestamp": "mmddyyyy_HHMMss"
      },
      "version": "5.1.0"
    }
  }
}