{
  "stats": {
    "suites": 1,
    "tests": 1,
    "passes": 1,
    "pending": 0,
    "failures": 0,
    "start": "2020-11-01T18:52:41.366Z",
    "end": "2020-11-01T18:52:43.420Z",
    "duration": 2054,
    "testsRegistered": 1,
    "passPercent": 100,
    "pendingPercent": 0,
    "other": 0,
    "hasOther": false,
    "skipped": 0,
    "hasSkipped": false
  },
  "results": [
    {
      "uuid": "92ae9b02-bb45-488d-bc0d-1913816bb82d",
      "title": "",
      "fullFile": "cypress/integration/clients/create-client-spec.js",
      "file": "cypress/integration/clients/create-client-spec.js",
      "beforeHooks": [],
      "afterHooks": [],
      "tests": [],
      "suites": [
        {
          "uuid": "b5d8a5e5-139a-46c1-9bfd-815c1b623e35",
          "title": "Create a client",
          "fullFile": "",
          "file": "",
          "beforeHooks": [],
          "afterHooks": [],
          "tests": [
            {
              "title": "Creates client",
              "fullTitle": "Create a client Creates client",
              "timedOut": null,
              "duration": 2033,
              "state": "passed",
              "speed": "slow",
              "pass": true,
              "fail": false,
              "pending": false,
              "context": null,
              "code": "cc.create();",
              "err": {},
              "uuid": "ffdd2c3a-cf18-4690-977a-7b3c8fa1b5cf",
              "parentUUID": "b5d8a5e5-139a-46c1-9bfd-815c1b623e35",
              "isHook": false,
              "skipped": false
            }
          ],
          "suites": [],
          "passes": [
            "ffdd2c3a-cf18-4690-977a-7b3c8fa1b5cf"
          ],
          "failures": [],
          "pending": [],
          "skipped": [],
          "duration": 2033,
          "root": false,
          "rootEmpty": false,
          "_timeout": 2000
        }
      ],
      "passes": [],
      "failures": [],
      "pending": [],
      "skipped": [],
      "duration": 0,
      "root": true,
      "rootEmpty": true,
      "_timeout": 2000
    }
  ],
  "meta": {
    "mocha": {
      "version": "7.0.1"
    },
    "mochawesome": {
      "options": {
        "quiet": false,
        "reportFilename": "mochawesome",
        "saveHtml": true,
        "saveJson": true,
        "consoleReporter": "spec",
        "useInlineDiffs": false,
        "code": true
      },
      "version": "6.1.1"
    },
    "marge": {
      "options": {
        "reportDir": "./cypress/report/awesome-reports",
        "overwrite": true,
        "html": true,
        "json": true,
        "timestamp": "mmddyyyy_HHMMss"
      },
      "version": "5.1.0"
    }
  }
}