{
  "stats": {
    "suites": 1,
    "tests": 1,
    "passes": 1,
    "pending": 0,
    "failures": 0,
    "start": "2020-11-01T18:52:55.876Z",
    "end": "2020-11-01T18:52:58.318Z",
    "duration": 2442,
    "testsRegistered": 1,
    "passPercent": 100,
    "pendingPercent": 0,
    "other": 0,
    "hasOther": false,
    "skipped": 0,
    "hasSkipped": false
  },
  "results": [
    {
      "uuid": "81a64775-c89d-439b-803a-63c8cd302459",
      "title": "",
      "fullFile": "cypress/integration/clients/edit-client-spec.js",
      "file": "cypress/integration/clients/edit-client-spec.js",
      "beforeHooks": [],
      "afterHooks": [],
      "tests": [],
      "suites": [
        {
          "uuid": "d6c9814a-5fda-4c8d-8f3a-a74ae9ce2eca",
          "title": "Edit client",
          "fullFile": "",
          "file": "",
          "beforeHooks": [],
          "afterHooks": [],
          "tests": [
            {
              "title": "Edits a client",
              "fullTitle": "Edit client Edits a client",
              "timedOut": null,
              "duration": 2420,
              "state": "passed",
              "speed": "slow",
              "pass": true,
              "fail": false,
              "pending": false,
              "context": null,
              "code": "cy.createClientApi(\"createdFrom Api\", \"test@mail.com\", \"012345678\");\nec.edit();\ncc.isCreated();",
              "err": {},
              "uuid": "d9be462d-890a-459a-aae5-f86ab682f2c8",
              "parentUUID": "d6c9814a-5fda-4c8d-8f3a-a74ae9ce2eca",
              "isHook": false,
              "skipped": false
            }
          ],
          "suites": [],
          "passes": [
            "d9be462d-890a-459a-aae5-f86ab682f2c8"
          ],
          "failures": [],
          "pending": [],
          "skipped": [],
          "duration": 2420,
          "root": false,
          "rootEmpty": false,
          "_timeout": 2000
        }
      ],
      "passes": [],
      "failures": [],
      "pending": [],
      "skipped": [],
      "duration": 0,
      "root": true,
      "rootEmpty": true,
      "_timeout": 2000
    }
  ],
  "meta": {
    "mocha": {
      "version": "7.0.1"
    },
    "mochawesome": {
      "options": {
        "quiet": false,
        "reportFilename": "mochawesome",
        "saveHtml": true,
        "saveJson": true,
        "consoleReporter": "spec",
        "useInlineDiffs": false,
        "code": true
      },
      "version": "6.1.1"
    },
    "marge": {
      "options": {
        "reportDir": "./cypress/report/awesome-reports",
        "overwrite": true,
        "html": true,
        "json": true,
        "timestamp": "mmddyyyy_HHMMss"
      },
      "version": "5.1.0"
    }
  }
}