{
  "stats": {
    "suites": 1,
    "tests": 1,
    "passes": 1,
    "pending": 0,
    "failures": 0,
    "start": "2020-11-01T13:39:52.768Z",
    "end": "2020-11-01T13:39:53.752Z",
    "duration": 984,
    "testsRegistered": 1,
    "passPercent": 100,
    "pendingPercent": 0,
    "other": 0,
    "hasOther": false,
    "skipped": 0,
    "hasSkipped": false
  },
  "results": [
    {
      "uuid": "bfb7743e-ccdd-4ab9-9483-8b2ad5cd863c",
      "title": "",
      "fullFile": "cypress/integration/rooms/delete-room-spec.js",
      "file": "cypress/integration/rooms/delete-room-spec.js",
      "beforeHooks": [],
      "afterHooks": [],
      "tests": [],
      "suites": [
        {
          "uuid": "e4cd0f16-5e2e-4e3a-a2db-aa8eef7c876e",
          "title": "Delete a room",
          "fullFile": "",
          "file": "",
          "beforeHooks": [],
          "afterHooks": [],
          "tests": [
            {
              "title": "Creates room with api request and then e2e deleting that room",
              "fullTitle": "Delete a room Creates room with api request and then e2e deleting that room",
              "timedOut": null,
              "duration": 960,
              "state": "passed",
              "speed": "slow",
              "pass": true,
              "fail": false,
              "pending": false,
              "context": null,
              "code": "cy.createRoomApi(\"twin\", 1337, 1337, 1337, [\"penthouse\"], true);\ndr.delete();",
              "err": {},
              "uuid": "a462b88b-c8e1-4829-a0d6-b329f9d69708",
              "parentUUID": "e4cd0f16-5e2e-4e3a-a2db-aa8eef7c876e",
              "isHook": false,
              "skipped": false
            }
          ],
          "suites": [],
          "passes": [
            "a462b88b-c8e1-4829-a0d6-b329f9d69708"
          ],
          "failures": [],
          "pending": [],
          "skipped": [],
          "duration": 960,
          "root": false,
          "rootEmpty": false,
          "_timeout": 2000
        }
      ],
      "passes": [],
      "failures": [],
      "pending": [],
      "skipped": [],
      "duration": 0,
      "root": true,
      "rootEmpty": true,
      "_timeout": 2000
    }
  ],
  "meta": {
    "mocha": {
      "version": "7.0.1"
    },
    "mochawesome": {
      "options": {
        "quiet": false,
        "reportFilename": "mochawesome",
        "saveHtml": true,
        "saveJson": true,
        "consoleReporter": "spec",
        "useInlineDiffs": false,
        "code": true
      },
      "version": "6.1.1"
    },
    "marge": {
      "options": {
        "reportDir": "./cypress/report/awesome-reports",
        "overwrite": true,
        "html": true,
        "json": true,
        "timestamp": "mmddyyyy_HHMMss"
      },
      "version": "5.1.0"
    }
  }
}