{
  "stats": {
    "suites": 1,
    "tests": 2,
    "passes": 2,
    "pending": 0,
    "failures": 0,
    "start": "2020-11-01T13:40:05.655Z",
    "end": "2020-11-01T13:40:08.620Z",
    "duration": 2965,
    "testsRegistered": 2,
    "passPercent": 100,
    "pendingPercent": 0,
    "other": 0,
    "hasOther": false,
    "skipped": 0,
    "hasSkipped": false
  },
  "results": [
    {
      "uuid": "479b388c-74ca-4c47-aa61-19e02148b64a",
      "title": "",
      "fullFile": "cypress/integration/rooms/edit-room-spec.js",
      "file": "cypress/integration/rooms/edit-room-spec.js",
      "beforeHooks": [],
      "afterHooks": [],
      "tests": [],
      "suites": [
        {
          "uuid": "acb91ec9-8004-4309-aa1c-fe1ddb3ea1d2",
          "title": "Edit room",
          "fullFile": "",
          "file": "",
          "beforeHooks": [],
          "afterHooks": [],
          "tests": [
            {
              "title": "Edits room",
              "fullTitle": "Edit room Edits room",
              "timedOut": null,
              "duration": 2282,
              "state": "passed",
              "speed": "slow",
              "pass": true,
              "fail": false,
              "pending": false,
              "context": null,
              "code": "cy.createRoomApi(\"twin\", 1337, 1337, 1337, [\"penthouse\"], true); // creates a room with help from the api\ner.edit();",
              "err": {},
              "uuid": "6a4e5fea-537d-489c-b918-2162bd7c99b6",
              "parentUUID": "acb91ec9-8004-4309-aa1c-fe1ddb3ea1d2",
              "isHook": false,
              "skipped": false
            },
            {
              "title": "Checks if edit was succesfull",
              "fullTitle": "Edit room Checks if edit was succesfull",
              "timedOut": null,
              "duration": 660,
              "state": "passed",
              "speed": "slow",
              "pass": true,
              "fail": false,
              "pending": false,
              "context": null,
              "code": "cr.roomIsCreated(); // Reusing method from CreateRoom class to check if room was edited correctly",
              "err": {},
              "uuid": "a72f9008-88bc-4401-8a35-052d39e1d543",
              "parentUUID": "acb91ec9-8004-4309-aa1c-fe1ddb3ea1d2",
              "isHook": false,
              "skipped": false
            }
          ],
          "suites": [],
          "passes": [
            "6a4e5fea-537d-489c-b918-2162bd7c99b6",
            "a72f9008-88bc-4401-8a35-052d39e1d543"
          ],
          "failures": [],
          "pending": [],
          "skipped": [],
          "duration": 2942,
          "root": false,
          "rootEmpty": false,
          "_timeout": 2000
        }
      ],
      "passes": [],
      "failures": [],
      "pending": [],
      "skipped": [],
      "duration": 0,
      "root": true,
      "rootEmpty": true,
      "_timeout": 2000
    }
  ],
  "meta": {
    "mocha": {
      "version": "7.0.1"
    },
    "mochawesome": {
      "options": {
        "quiet": false,
        "reportFilename": "mochawesome",
        "saveHtml": true,
        "saveJson": true,
        "consoleReporter": "spec",
        "useInlineDiffs": false,
        "code": true
      },
      "version": "6.1.1"
    },
    "marge": {
      "options": {
        "reportDir": "./cypress/report/awesome-reports",
        "overwrite": true,
        "html": true,
        "json": true,
        "timestamp": "mmddyyyy_HHMMss"
      },
      "version": "5.1.0"
    }
  }
}