{
  "stats": {
    "suites": 1,
    "tests": 2,
    "passes": 2,
    "pending": 0,
    "failures": 0,
    "start": "2020-11-16T11:29:16.582Z",
    "end": "2020-11-16T11:29:19.223Z",
    "duration": 2641,
    "testsRegistered": 2,
    "passPercent": 100,
    "pendingPercent": 0,
    "other": 0,
    "hasOther": false,
    "skipped": 0,
    "hasSkipped": false
  },
  "results": [
    {
      "uuid": "d8efa45f-ee2b-47f8-9094-2366a881e0ea",
      "title": "",
      "fullFile": "cypress/integration/rooms/create-room-spec.js",
      "file": "cypress/integration/rooms/create-room-spec.js",
      "beforeHooks": [],
      "afterHooks": [],
      "tests": [],
      "suites": [
        {
          "uuid": "cf70b271-8f67-4832-ac06-1860c6cfec12",
          "title": "Create a room",
          "fullFile": "",
          "file": "",
          "beforeHooks": [],
          "afterHooks": [],
          "tests": [
            {
              "title": "Create a new room",
              "fullTitle": "Create a room Create a new room",
              "timedOut": null,
              "duration": 1933,
              "state": "passed",
              "speed": "slow",
              "pass": true,
              "fail": false,
              "pending": false,
              "context": null,
              "code": "CR.create();",
              "err": {},
              "uuid": "70dbefcf-15df-48a3-a472-66b4e549907e",
              "parentUUID": "cf70b271-8f67-4832-ac06-1860c6cfec12",
              "isHook": false,
              "skipped": false
            },
            {
              "title": "Checks if room was created correctly",
              "fullTitle": "Create a room Checks if room was created correctly",
              "timedOut": null,
              "duration": 675,
              "state": "passed",
              "speed": "slow",
              "pass": true,
              "fail": false,
              "pending": false,
              "context": null,
              "code": "CR.roomIsCreated();",
              "err": {},
              "uuid": "6706d102-553e-4a12-8842-0f8a75803d4a",
              "parentUUID": "cf70b271-8f67-4832-ac06-1860c6cfec12",
              "isHook": false,
              "skipped": false
            }
          ],
          "suites": [],
          "passes": [
            "70dbefcf-15df-48a3-a472-66b4e549907e",
            "6706d102-553e-4a12-8842-0f8a75803d4a"
          ],
          "failures": [],
          "pending": [],
          "skipped": [],
          "duration": 2608,
          "root": false,
          "rootEmpty": false,
          "_timeout": 2000
        }
      ],
      "passes": [],
      "failures": [],
      "pending": [],
      "skipped": [],
      "duration": 0,
      "root": true,
      "rootEmpty": true,
      "_timeout": 2000
    }
  ],
  "meta": {
    "mocha": {
      "version": "7.0.1"
    },
    "mochawesome": {
      "options": {
        "quiet": false,
        "reportFilename": "mochawesome",
        "saveHtml": true,
        "saveJson": true,
        "consoleReporter": "spec",
        "useInlineDiffs": false,
        "code": true
      },
      "version": "6.1.1"
    },
    "marge": {
      "options": {
        "reportDir": "./cypress/report/reports",
        "overwrite": true,
        "html": true,
        "json": true,
        "timestamp": "mmddyyyy_HHMMss"
      },
      "version": "5.1.0"
    }
  }
}