{
  "stats": {
    "suites": 1,
    "tests": 1,
    "passes": 1,
    "pending": 0,
    "failures": 0,
    "start": "2020-11-16T11:12:50.162Z",
    "end": "2020-11-16T11:12:52.582Z",
    "duration": 2420,
    "testsRegistered": 1,
    "passPercent": 100,
    "pendingPercent": 0,
    "other": 0,
    "hasOther": false,
    "skipped": 0,
    "hasSkipped": false
  },
  "results": [
    {
      "uuid": "56e5f62e-3c76-4faa-8bb5-8d9d98298075",
      "title": "",
      "fullFile": "cypress/integration/clients/edit-client-spec.js",
      "file": "cypress/integration/clients/edit-client-spec.js",
      "beforeHooks": [],
      "afterHooks": [],
      "tests": [],
      "suites": [
        {
          "uuid": "a0e987fe-857b-4f15-a93a-03fbb20ee98b",
          "title": "Edit client",
          "fullFile": "",
          "file": "",
          "beforeHooks": [],
          "afterHooks": [],
          "tests": [
            {
              "title": "Edits a client",
              "fullTitle": "Edit client Edits a client",
              "timedOut": null,
              "duration": 2383,
              "state": "passed",
              "speed": "slow",
              "pass": true,
              "fail": false,
              "pending": false,
              "context": null,
              "code": "cy.createClientApi(\"createdFrom Api\", \"test@mail.com\", \"012345678\");\nec.edit();\ncc.isCreated();",
              "err": {},
              "uuid": "61306507-1314-4c89-8fdf-a56ae4fe5315",
              "parentUUID": "a0e987fe-857b-4f15-a93a-03fbb20ee98b",
              "isHook": false,
              "skipped": false
            }
          ],
          "suites": [],
          "passes": [
            "61306507-1314-4c89-8fdf-a56ae4fe5315"
          ],
          "failures": [],
          "pending": [],
          "skipped": [],
          "duration": 2383,
          "root": false,
          "rootEmpty": false,
          "_timeout": 2000
        }
      ],
      "passes": [],
      "failures": [],
      "pending": [],
      "skipped": [],
      "duration": 0,
      "root": true,
      "rootEmpty": true,
      "_timeout": 2000
    }
  ],
  "meta": {
    "mocha": {
      "version": "7.0.1"
    },
    "mochawesome": {
      "options": {
        "quiet": false,
        "reportFilename": "mochawesome",
        "saveHtml": true,
        "saveJson": true,
        "consoleReporter": "spec",
        "useInlineDiffs": false,
        "code": true
      },
      "version": "6.1.1"
    },
    "marge": {
      "options": {
        "reportDir": "./cypress/report/reports",
        "overwrite": true,
        "html": true,
        "json": true,
        "timestamp": "mmddyyyy_HHMMss"
      },
      "version": "5.1.0"
    }
  }
}