{
  "stats": {
    "suites": 1,
    "tests": 1,
    "passes": 1,
    "pending": 0,
    "failures": 0,
    "start": "2020-11-16T11:12:35.737Z",
    "end": "2020-11-16T11:12:37.938Z",
    "duration": 2201,
    "testsRegistered": 1,
    "passPercent": 100,
    "pendingPercent": 0,
    "other": 0,
    "hasOther": false,
    "skipped": 0,
    "hasSkipped": false
  },
  "results": [
    {
      "uuid": "08f122ff-88c1-48d4-8059-3503afbc1513",
      "title": "",
      "fullFile": "cypress/integration/clients/create-client-spec.js",
      "file": "cypress/integration/clients/create-client-spec.js",
      "beforeHooks": [],
      "afterHooks": [],
      "tests": [],
      "suites": [
        {
          "uuid": "713cb4e2-d796-4135-9ba7-9d1d3283af73",
          "title": "Create a client",
          "fullFile": "",
          "file": "",
          "beforeHooks": [],
          "afterHooks": [],
          "tests": [
            {
              "title": "Creates client",
              "fullTitle": "Create a client Creates client",
              "timedOut": null,
              "duration": 2164,
              "state": "passed",
              "speed": "slow",
              "pass": true,
              "fail": false,
              "pending": false,
              "context": null,
              "code": "cc.create();",
              "err": {},
              "uuid": "bac73ddb-24c1-4849-a421-8ceccf8dfa31",
              "parentUUID": "713cb4e2-d796-4135-9ba7-9d1d3283af73",
              "isHook": false,
              "skipped": false
            }
          ],
          "suites": [],
          "passes": [
            "bac73ddb-24c1-4849-a421-8ceccf8dfa31"
          ],
          "failures": [],
          "pending": [],
          "skipped": [],
          "duration": 2164,
          "root": false,
          "rootEmpty": false,
          "_timeout": 2000
        }
      ],
      "passes": [],
      "failures": [],
      "pending": [],
      "skipped": [],
      "duration": 0,
      "root": true,
      "rootEmpty": true,
      "_timeout": 2000
    }
  ],
  "meta": {
    "mocha": {
      "version": "7.0.1"
    },
    "mochawesome": {
      "options": {
        "quiet": false,
        "reportFilename": "mochawesome",
        "saveHtml": true,
        "saveJson": true,
        "consoleReporter": "spec",
        "useInlineDiffs": false,
        "code": true
      },
      "version": "6.1.1"
    },
    "marge": {
      "options": {
        "reportDir": "./cypress/report/reports",
        "overwrite": true,
        "html": true,
        "json": true,
        "timestamp": "mmddyyyy_HHMMss"
      },
      "version": "5.1.0"
    }
  }
}