{
  "stats": {
    "suites": 1,
    "tests": 1,
    "passes": 1,
    "pending": 0,
    "failures": 0,
    "start": "2020-11-16T11:28:33.684Z",
    "end": "2020-11-16T11:28:35.710Z",
    "duration": 2026,
    "testsRegistered": 1,
    "passPercent": 100,
    "pendingPercent": 0,
    "other": 0,
    "hasOther": false,
    "skipped": 0,
    "hasSkipped": false
  },
  "results": [
    {
      "uuid": "a4de390a-c96b-4e36-9814-07c54eb9077c",
      "title": "",
      "fullFile": "cypress/integration/clients/create-client-spec.js",
      "file": "cypress/integration/clients/create-client-spec.js",
      "beforeHooks": [],
      "afterHooks": [],
      "tests": [],
      "suites": [
        {
          "uuid": "d8ae5761-2cd7-42e2-9208-b06d90bf9243",
          "title": "Create a client",
          "fullFile": "",
          "file": "",
          "beforeHooks": [],
          "afterHooks": [],
          "tests": [
            {
              "title": "Creates client",
              "fullTitle": "Create a client Creates client",
              "timedOut": null,
              "duration": 2007,
              "state": "passed",
              "speed": "slow",
              "pass": true,
              "fail": false,
              "pending": false,
              "context": null,
              "code": "cc.create();",
              "err": {},
              "uuid": "b840a16f-91d1-44b0-a687-f3f7f7ec6550",
              "parentUUID": "d8ae5761-2cd7-42e2-9208-b06d90bf9243",
              "isHook": false,
              "skipped": false
            }
          ],
          "suites": [],
          "passes": [
            "b840a16f-91d1-44b0-a687-f3f7f7ec6550"
          ],
          "failures": [],
          "pending": [],
          "skipped": [],
          "duration": 2007,
          "root": false,
          "rootEmpty": false,
          "_timeout": 2000
        }
      ],
      "passes": [],
      "failures": [],
      "pending": [],
      "skipped": [],
      "duration": 0,
      "root": true,
      "rootEmpty": true,
      "_timeout": 2000
    }
  ],
  "meta": {
    "mocha": {
      "version": "7.0.1"
    },
    "mochawesome": {
      "options": {
        "quiet": false,
        "reportFilename": "mochawesome",
        "saveHtml": true,
        "saveJson": true,
        "consoleReporter": "spec",
        "useInlineDiffs": false,
        "code": true
      },
      "version": "6.1.1"
    },
    "marge": {
      "options": {
        "reportDir": "./cypress/report/reports",
        "overwrite": true,
        "html": true,
        "json": true,
        "timestamp": "mmddyyyy_HHMMss"
      },
      "version": "5.1.0"
    }
  }
}