{
  "stats": {
    "suites": 1,
    "tests": 2,
    "passes": 2,
    "pending": 0,
    "failures": 0,
    "start": "2020-11-16T11:13:18.935Z",
    "end": "2020-11-16T11:13:21.476Z",
    "duration": 2541,
    "testsRegistered": 2,
    "passPercent": 100,
    "pendingPercent": 0,
    "other": 0,
    "hasOther": false,
    "skipped": 0,
    "hasSkipped": false
  },
  "results": [
    {
      "uuid": "61baf677-5f80-40db-95c0-e39d6b45b952",
      "title": "",
      "fullFile": "cypress/integration/rooms/create-room-spec.js",
      "file": "cypress/integration/rooms/create-room-spec.js",
      "beforeHooks": [],
      "afterHooks": [],
      "tests": [],
      "suites": [
        {
          "uuid": "4bea53a4-2290-42dc-b292-184c967b4d57",
          "title": "Create a room",
          "fullFile": "",
          "file": "",
          "beforeHooks": [],
          "afterHooks": [],
          "tests": [
            {
              "title": "Create a new room",
              "fullTitle": "Create a room Create a new room",
              "timedOut": null,
              "duration": 1858,
              "state": "passed",
              "speed": "slow",
              "pass": true,
              "fail": false,
              "pending": false,
              "context": null,
              "code": "CR.create();",
              "err": {},
              "uuid": "26c09c11-1f8a-4d7b-a1ca-0a3a407f06f0",
              "parentUUID": "4bea53a4-2290-42dc-b292-184c967b4d57",
              "isHook": false,
              "skipped": false
            },
            {
              "title": "Checks if room was created correctly",
              "fullTitle": "Create a room Checks if room was created correctly",
              "timedOut": null,
              "duration": 656,
              "state": "passed",
              "speed": "slow",
              "pass": true,
              "fail": false,
              "pending": false,
              "context": null,
              "code": "CR.roomIsCreated();",
              "err": {},
              "uuid": "0ac545f7-2656-44ee-a1ef-6a507851ccfc",
              "parentUUID": "4bea53a4-2290-42dc-b292-184c967b4d57",
              "isHook": false,
              "skipped": false
            }
          ],
          "suites": [],
          "passes": [
            "26c09c11-1f8a-4d7b-a1ca-0a3a407f06f0",
            "0ac545f7-2656-44ee-a1ef-6a507851ccfc"
          ],
          "failures": [],
          "pending": [],
          "skipped": [],
          "duration": 2514,
          "root": false,
          "rootEmpty": false,
          "_timeout": 2000
        }
      ],
      "passes": [],
      "failures": [],
      "pending": [],
      "skipped": [],
      "duration": 0,
      "root": true,
      "rootEmpty": true,
      "_timeout": 2000
    }
  ],
  "meta": {
    "mocha": {
      "version": "7.0.1"
    },
    "mochawesome": {
      "options": {
        "quiet": false,
        "reportFilename": "mochawesome",
        "saveHtml": true,
        "saveJson": true,
        "consoleReporter": "spec",
        "useInlineDiffs": false,
        "code": true
      },
      "version": "6.1.1"
    },
    "marge": {
      "options": {
        "reportDir": "./cypress/report/reports",
        "overwrite": true,
        "html": true,
        "json": true,
        "timestamp": "mmddyyyy_HHMMss"
      },
      "version": "5.1.0"
    }
  }
}